<?xml version="1.0" encoding="UTF-8"?>
<!-- Generated by org.testng.reporters.JUnitXMLReporter -->
<testsuite hostname="IITC-WS-QA09" name="Default test" tests="7" failures="0" timestamp="11 Nov 2016 11:18:13 GMT" time="27.257" errors="0">
  <testcase name="@BeforeClass teacherLogin" time="0.0" classname="criticalSanitySmoke.LoginA">
    <failure type="java.lang.NullPointerException">
      <![CDATA[java.lang.NullPointerException
	at pages.LoginPage.handleSCC(LoginPage.java:20)
	at criticalSanitySmoke.LoginA.teacherLogin(LoginA.java:36)
	at sun.reflect.NativeMethodAccessorImpl.invoke0(Native Method)
	at sun.reflect.NativeMethodAccessorImpl.invoke(Unknown Source)
	at sun.reflect.DelegatingMethodAccessorImpl.invoke(Unknown Source)
	at java.lang.reflect.Method.invoke(Unknown Source)
	at org.testng.internal.MethodInvocationHelper.invokeMethod(MethodInvocationHelper.java:85)
	at org.testng.internal.Invoker.invokeConfigurationMethod(Invoker.java:510)
	at org.testng.internal.Invoker.invokeConfigurations(Invoker.java:211)
	at org.testng.internal.Invoker.invokeConfigurations(Invoker.java:138)
	at org.testng.internal.TestMethodWorker.invokeBeforeClassMethods(TestMethodWorker.java:170)
	at org.testng.internal.TestMethodWorker.run(TestMethodWorker.java:104)
	at org.testng.TestRunner.privateRun(TestRunner.java:774)
	at org.testng.TestRunner.run(TestRunner.java:624)
	at org.testng.SuiteRunner.runTest(SuiteRunner.java:359)
	at org.testng.SuiteRunner.runSequentially(SuiteRunner.java:354)
	at org.testng.SuiteRunner.privateRun(SuiteRunner.java:312)
	at org.testng.SuiteRunner.run(SuiteRunner.java:261)
	at org.testng.SuiteRunnerWorker.runSuite(SuiteRunnerWorker.java:52)
	at org.testng.SuiteRunnerWorker.run(SuiteRunnerWorker.java:86)
	at org.testng.TestNG.runSuitesSequentially(TestNG.java:1215)
	at org.testng.TestNG.runSuitesLocally(TestNG.java:1140)
	at org.testng.TestNG.run(TestNG.java:1048)
	at org.testng.remote.AbstractRemoteTestNG.run(AbstractRemoteTestNG.java:132)
	at org.testng.remote.RemoteTestNG.initAndRun(RemoteTestNG.java:236)
	at org.testng.remote.RemoteTestNG.main(RemoteTestNG.java:81)
]]>
    </failure>
  </testcase> <!-- @BeforeClass teacherLogin -->
  <testcase name="@AfterClass teacherLogout" time="0.0" classname="criticalSanitySmoke.LoginA">
    <skipped/>
  </testcase> <!-- @AfterClass teacherLogout -->
  <testcase name="createGroup" time="0.002" classname="criticalSanitySmoke.LoginA">
    <skipped/>
  </testcase> <!-- createGroup -->
  <testcase name="testTeacherPostTextOnProfileWallAndVerifyOnTopNewsWall" time="0.002" classname="criticalSanitySmoke.LoginA">
    <skipped/>
  </testcase> <!-- testTeacherPostTextOnProfileWallAndVerifyOnTopNewsWall -->
  <testcase name="testTeacherPostTextOnRecentNewsWallAndVerifyOnTopNewsWall" time="0.002" classname="criticalSanitySmoke.LoginA">
    <skipped/>
  </testcase> <!-- testTeacherPostTextOnRecentNewsWallAndVerifyOnTopNewsWall -->
  <testcase name="testTeacherPostTextOnTopNewsWall" time="0.002" classname="criticalSanitySmoke.LoginA">
    <skipped/>
  </testcase> <!-- testTeacherPostTextOnTopNewsWall -->
  <testcase name="testTeacherPostURLOnStudentsWall" time="0.002" classname="criticalSanitySmoke.LoginA">
    <skipped/>
  </testcase> <!-- testTeacherPostURLOnStudentsWall -->
  <testcase name="testTeacherPostOnProfileWall" time="0.001" classname="criticalSanitySmoke.LoginA">
    <skipped/>
  </testcase> <!-- testTeacherPostOnProfileWall -->
  <testcase name="testTeacherPostOnCourseWall" time="0.002" classname="criticalSanitySmoke.LoginA">
    <skipped/>
  </testcase> <!-- testTeacherPostOnCourseWall -->
</testsuite> <!-- Default test -->
