<?xml version="1.0" encoding="UTF-8"?>
<!-- Generated by org.testng.reporters.JUnitXMLReporter -->
<testsuite hostname="IITC-WS-NB45" name="Test" tests="31" failures="0" timestamp="8 Nov 2017 05:34:50 GMT" time="0.914" errors="0">
  <testcase name="@BeforeClass teacherLogin" time="0.0" classname="testCases.LoginA">
    <failure type="java.lang.NullPointerException">
      <![CDATA[java.lang.NullPointerException
	at setUp.Base.invoke(Base.java:55)
	at testCases.LoginA.teacherLogin(LoginA.java:31)
... Removed 24 stack frames]]>
    </failure>
  </testcase> <!-- @BeforeClass teacherLogin -->
  <testcase name="@AfterClass teacherLogout" time="0.0" classname="testCases.LoginA">
    <skipped/>
  </testcase> <!-- @AfterClass teacherLogout -->
  <testcase name="@BeforeClass studentLogin" time="0.0" classname="testCases.LoginB">
    <failure type="java.lang.NullPointerException">
      <![CDATA[java.lang.NullPointerException
	at pages.LoginPage.signIn(LoginPage.java:19)
	at testCases.LoginB.studentLogin(LoginB.java:31)
... Removed 24 stack frames]]>
    </failure>
  </testcase> <!-- @BeforeClass studentLogin -->
  <testcase name="@AfterClass studentLogout" time="0.0" classname="testCases.LoginB">
    <skipped/>
  </testcase> <!-- @AfterClass studentLogout -->
  <testcase name="@BeforeClass teacherLogin" time="0.0" classname="testCases.LoginC">
    <failure type="java.lang.NullPointerException">
      <![CDATA[java.lang.NullPointerException
	at pages.LoginPage.signIn(LoginPage.java:19)
	at testCases.LoginC.teacherLogin(LoginC.java:34)
... Removed 24 stack frames]]>
    </failure>
  </testcase> <!-- @BeforeClass teacherLogin -->
  <testcase name="@AfterClass teacherLogout" time="0.0" classname="testCases.LoginC">
    <skipped/>
  </testcase> <!-- @AfterClass teacherLogout -->
  <testcase name="@BeforeClass studentLogin" time="0.0" classname="testCases.LoginD">
    <failure type="java.lang.NullPointerException">
      <![CDATA[java.lang.NullPointerException
	at pages.LoginPage.signIn(LoginPage.java:19)
	at testCases.LoginD.studentLogin(LoginD.java:34)
... Removed 24 stack frames]]>
    </failure>
  </testcase> <!-- @BeforeClass studentLogin -->
  <testcase name="@AfterClass studentLogout" time="0.0" classname="testCases.LoginD">
    <skipped/>
  </testcase> <!-- @AfterClass studentLogout -->
  <testcase name="@BeforeClass teacherLogin" time="0.0" classname="testCases.LoginE">
    <failure type="java.lang.NullPointerException">
      <![CDATA[java.lang.NullPointerException
	at pages.LoginPage.signIn(LoginPage.java:19)
	at testCases.LoginE.teacherLogin(LoginE.java:32)
... Removed 24 stack frames]]>
    </failure>
  </testcase> <!-- @BeforeClass teacherLogin -->
  <testcase name="@AfterClass teacherLogout" time="0.0" classname="testCases.LoginE">
    <skipped/>
  </testcase> <!-- @AfterClass teacherLogout -->
  <testcase name="@BeforeClass studentLogin" time="0.0" classname="testCases.LoginF">
    <failure type="java.lang.NullPointerException">
      <![CDATA[java.lang.NullPointerException
	at pages.LoginPage.signIn(LoginPage.java:19)
	at testCases.LoginF.studentLogin(LoginF.java:33)
... Removed 24 stack frames]]>
    </failure>
  </testcase> <!-- @BeforeClass studentLogin -->
  <testcase name="@AfterClass studentLogout" time="0.0" classname="testCases.LoginF">
    <skipped/>
  </testcase> <!-- @AfterClass studentLogout -->
  <testcase name="createGroup" time="0.001" classname="testCases.LoginA">
    <skipped/>
  </testcase> <!-- createGroup -->
  <testcase name="testTeacherPostTextOnProfileWallAndVerifyOnTopNewsWall" time="0.001" classname="testCases.LoginA">
    <skipped/>
  </testcase> <!-- testTeacherPostTextOnProfileWallAndVerifyOnTopNewsWall -->
  <testcase name="testTeacherPostTextOnRecentNewsWallAndVerifyOnTopNewsWall" time="0.002" classname="testCases.LoginA">
    <skipped/>
  </testcase> <!-- testTeacherPostTextOnRecentNewsWallAndVerifyOnTopNewsWall -->
  <testcase name="testTeacherPostTextOnTopNewsWall" time="0.001" classname="testCases.LoginA">
    <skipped/>
  </testcase> <!-- testTeacherPostTextOnTopNewsWall -->
  <testcase name="testTeacherPostURLOnStudentsWall" time="0.001" classname="testCases.LoginA">
    <skipped/>
  </testcase> <!-- testTeacherPostURLOnStudentsWall -->
  <testcase name="testTeacherPostOnProfileWall" time="0.001" classname="testCases.LoginA">
    <skipped/>
  </testcase> <!-- testTeacherPostOnProfileWall -->
  <testcase name="testTeacherPostOnCourseWall" time="0.001" classname="testCases.LoginA">
    <skipped/>
  </testcase> <!-- testTeacherPostOnCourseWall -->
  <testcase name="testStudentPostTextOnTopNewsWall" time="0.003" classname="testCases.LoginB">
    <skipped/>
  </testcase> <!-- testStudentPostTextOnTopNewsWall -->
  <testcase name="testStudentVerifyTopNewsWallPostOnRecentNewsWall" time="0.002" classname="testCases.LoginB">
    <skipped/>
  </testcase> <!-- testStudentVerifyTopNewsWallPostOnRecentNewsWall -->
  <testcase name="testStudentJoinsTeacherSocialGroup" time="0.002" classname="testCases.LoginB">
    <skipped/>
  </testcase> <!-- testStudentJoinsTeacherSocialGroup -->
  <testcase name="testStudentCommentOnTeacherCoursePost" time="0.002" classname="testCases.LoginB">
    <skipped/>
  </testcase> <!-- testStudentCommentOnTeacherCoursePost -->
  <testcase name="testStudentVerifyTopNewsWallPostOnProfileWall" time="0.001" classname="testCases.LoginB">
    <skipped/>
  </testcase> <!-- testStudentVerifyTopNewsWallPostOnProfileWall -->
  <testcase name="testStudentPostURLOnTeacherSocialGroup" time="0.001" classname="testCases.LoginB">
    <skipped/>
  </testcase> <!-- testStudentPostURLOnTeacherSocialGroup -->
  <testcase name="testTeacherShareImageOnTopNewsWall" time="0.002" classname="testCases.LoginC">
    <skipped/>
  </testcase> <!-- testTeacherShareImageOnTopNewsWall -->
  <testcase name="testTeacherCreateLiveSessionthroughMeetingWidget" time="0.002" classname="testCases.LoginC">
    <skipped/>
  </testcase> <!-- testTeacherCreateLiveSessionthroughMeetingWidget -->
  <testcase name="testTeacherUploadFilesInCourse" time="0.002" classname="testCases.LoginC">
    <skipped/>
  </testcase> <!-- testTeacherUploadFilesInCourse -->
  <testcase name="testTeacherDeleteLiveSessionthroughMeetingWidget" time="0.003" classname="testCases.LoginC">
    <skipped/>
  </testcase> <!-- testTeacherDeleteLiveSessionthroughMeetingWidget -->
  <testcase name="testTeacherVerifyFilesInPortfolio" time="0.002" classname="testCases.LoginC">
    <skipped/>
  </testcase> <!-- testTeacherVerifyFilesInPortfolio -->
  <testcase name="testStudentShareFileOnTopNewsWall" time="0.149" classname="testCases.LoginD">
    <skipped/>
  </testcase> <!-- testStudentShareFileOnTopNewsWall -->
  <testcase name="testStudentShareVideoOnTopNewsWall" time="0.001" classname="testCases.LoginD">
    <skipped/>
  </testcase> <!-- testStudentShareVideoOnTopNewsWall -->
  <testcase name="testStudentCreateLiveSessionthroughMeetingWidget" time="0.002" classname="testCases.LoginD">
    <skipped/>
  </testcase> <!-- testStudentCreateLiveSessionthroughMeetingWidget -->
  <testcase name="testStudentDeleteLiveSessionthroughMeetingWidget" time="0.001" classname="testCases.LoginD">
    <skipped/>
  </testcase> <!-- testStudentDeleteLiveSessionthroughMeetingWidget -->
  <testcase name="testStudentVerifyFilesInCourse" time="0.0" classname="testCases.LoginD">
    <skipped/>
  </testcase> <!-- testStudentVerifyFilesInCourse -->
  <testcase name="testStudentCreateSocialGroup" time="0.001" classname="testCases.LoginD">
    <skipped/>
  </testcase> <!-- testStudentCreateSocialGroup -->
  <testcase name="testStudentSubmitQuiz" time="0.001" classname="testCases.LoginD">
    <skipped/>
  </testcase> <!-- testStudentSubmitQuiz -->
  <testcase name="testTeacherJoinsStudentSocialGroup" time="0.001" classname="testCases.LoginE">
    <skipped/>
  </testcase> <!-- testTeacherJoinsStudentSocialGroup -->
  <testcase name="testTeacherDeleteFiles" time="0.001" classname="testCases.LoginE">
    <skipped/>
  </testcase> <!-- testTeacherDeleteFiles -->
  <testcase name="testTeacherDeleteSocialGroup" time="0.0" classname="testCases.LoginE">
    <skipped/>
  </testcase> <!-- testTeacherDeleteSocialGroup -->
  <testcase name="testTeacherLeavesStudentSocialGroup" time="0.001" classname="testCases.LoginE">
    <skipped/>
  </testcase> <!-- testTeacherLeavesStudentSocialGroup -->
  <testcase name="testStudentDeleteFileFromMyFilesPage" time="0.0" classname="testCases.LoginF">
    <skipped/>
  </testcase> <!-- testStudentDeleteFileFromMyFilesPage -->
  <testcase name="testStudentDeleteSocialGroup" time="0.0" classname="testCases.LoginF">
    <skipped/>
  </testcase> <!-- testStudentDeleteSocialGroup -->
</testsuite> <!-- Test -->
