<?xml version="1.0" encoding="UTF-8"?>
<testsuite name="TestSuite" time="131.266" tests="43" errors="0" skipped="37" failures="6">
  <properties>
[...]
</properties>
  <testcase name="teacherLogin" classname="testCases.LoginA" time="28.829">
    <failure message="no such element: Unable to locate element: {&quot;method&quot;:&quot;xpath&quot;,&quot;selector&quot;:&quot;//input[@id=&apos;username&apos;]&quot;}&#10;  (Session info: chrome=49.0.2623.87)&#10;  (Driver info: chromedriver=2.21.371459 (36d3d07f660ff2bc1bf28a75d1cdabed0983e7c4),platform=Windows NT 6.1 SP1 x86_64) (WARNING: The server did not provide any stacktrace information)&#10;Command duration or timeout: 20.45 seconds&#10;For documentation on this error, please visit: http://seleniumhq.org/exceptions/no_such_element.html&#10;Build info: version: &apos;2.53.1&apos;, revision: &apos;a36b8b1cd5757287168e54b817830adce9b0158d&apos;, time: &apos;2016-06-30 19:26:09&apos;&#10;System info: host: &apos;IITC-WS-NB45&apos;, ip: &apos;10.6.105.219&apos;, os.name: &apos;Windows 7&apos;, os.arch: &apos;amd64&apos;, os.version: &apos;6.1&apos;, java.version: &apos;1.7.0_51&apos;&#10;*** Element info: {Using=xpath, value=//input[@id=&apos;username&apos;]}&#10;Session ID: 3f70d6b7514943088d267ab8544e5f4f&#10;Driver info: org.openqa.selenium.remote.RemoteWebDriver&#10;Capabilities [{platform=XP, acceptSslCerts=true, javascriptEnabled=true, hasMetadata=true, browserName=chrome, chrome={userDataDir=C:\Users\ADMINI~1\AppData\Local\Temp\scoped_dir1048_31676, chromedriverVersion=2.21.371459 (36d3d07f660ff2bc1bf28a75d1cdabed0983e7c4)}, rotatable=false, locationContextEnabled=true, mobileEmulationEnabled=false, webdriver.remote.sessionid=3f70d6b7514943088d267ab8544e5f4f, version=49.0.2623.87, takesHeapSnapshot=true, cssSelectorsEnabled=true, databaseEnabled=false, handlesAlerts=true, browserConnectionEnabled=false, webStorageEnabled=true, nativeEvents=true, hasTouchScreen=false, applicationCacheEnabled=false, takesScreenshot=true}]" type="org.openqa.selenium.NoSuchElementException">org.openqa.selenium.NoSuchElementException: no such element: Unable to locate element: {"method":"xpath","selector":"//input[@id='username']"}
  (Session info: chrome=49.0.2623.87)
  (Driver info: chromedriver=2.21.371459 (36d3d07f660ff2bc1bf28a75d1cdabed0983e7c4),platform=Windows NT 6.1 SP1 x86_64) (WARNING: The server did not provide any stacktrace information)
Command duration or timeout: 20.45 seconds
For documentation on this error, please visit: http://seleniumhq.org/exceptions/no_such_element.html
Build info: version: '2.53.1', revision: 'a36b8b1cd5757287168e54b817830adce9b0158d', time: '2016-06-30 19:26:09'
System info: host: 'IITC-WS-NB45', ip: '10.6.105.219', os.name: 'Windows 7', os.arch: 'amd64', os.version: '6.1', java.version: '1.7.0_51'
*** Element info: {Using=xpath, value=//input[@id='username']}
Session ID: 3f70d6b7514943088d267ab8544e5f4f
Driver info: org.openqa.selenium.remote.RemoteWebDriver
Capabilities [{platform=XP, acceptSslCerts=true, javascriptEnabled=true, hasMetadata=true, browserName=chrome, chrome={userDataDir=C:\Users\ADMINI~1\AppData\Local\Temp\scoped_dir1048_31676, chromedriverVersion=2.21.371459 (36d3d07f660ff2bc1bf28a75d1cdabed0983e7c4)}, rotatable=false, locationContextEnabled=true, mobileEmulationEnabled=false, webdriver.remote.sessionid=3f70d6b7514943088d267ab8544e5f4f, version=49.0.2623.87, takesHeapSnapshot=true, cssSelectorsEnabled=true, databaseEnabled=false, handlesAlerts=true, browserConnectionEnabled=false, webStorageEnabled=true, nativeEvents=true, hasTouchScreen=false, applicationCacheEnabled=false, takesScreenshot=true}]
	at sun.reflect.NativeConstructorAccessorImpl.newInstance0(Native Method)
	at sun.reflect.NativeConstructorAccessorImpl.newInstance(NativeConstructorAccessorImpl.java:57)
	at sun.reflect.DelegatingConstructorAccessorImpl.newInstance(DelegatingConstructorAccessorImpl.java:45)
	at java.lang.reflect.Constructor.newInstance(Constructor.java:526)
	at org.openqa.selenium.remote.ErrorHandler.createThrowable(ErrorHandler.java:206)
	at org.openqa.selenium.remote.ErrorHandler.throwIfResponseFailed(ErrorHandler.java:158)
	at org.openqa.selenium.remote.RemoteWebDriver.execute(RemoteWebDriver.java:678)
	at org.openqa.selenium.remote.RemoteWebDriver.findElement(RemoteWebDriver.java:363)
	at org.openqa.selenium.remote.RemoteWebDriver.findElementByXPath(RemoteWebDriver.java:500)
	at org.openqa.selenium.By$ByXPath.findElement(By.java:361)
	at org.openqa.selenium.remote.RemoteWebDriver.findElement(RemoteWebDriver.java:355)
	at pages.LoginPage.signIn(LoginPage.java:26)
	at testCases.LoginA.teacherLogin(LoginA.java:32)
</failure>
  </testcase>
  <testcase name="createGroup" classname="testCases.LoginA" time="0">
    <skipped/>
    <system-out><![CDATA[createGroup has started
]]></system-out>
  </testcase>
  <testcase name="testTeacherPostTextOnProfileWallAndVerifyOnTopNewsWall" classname="testCases.LoginA" time="0">
    <skipped/>
    <system-out><![CDATA[testTeacherPostTextOnProfileWallAndVerifyOnTopNewsWall has started
]]></system-out>
  </testcase>
  <testcase name="testTeacherPostTextOnRecentNewsWallAndVerifyOnTopNewsWall" classname="testCases.LoginA" time="0">
    <skipped/>
    <system-out><![CDATA[testTeacherPostTextOnRecentNewsWallAndVerifyOnTopNewsWall has started
]]></system-out>
  </testcase>
  <testcase name="testTeacherPostTextOnTopNewsWall" classname="testCases.LoginA" time="0">
    <skipped/>
    <system-out><![CDATA[testTeacherPostTextOnTopNewsWall has started
]]></system-out>
  </testcase>
  <testcase name="testTeacherPostURLOnStudentsWall" classname="testCases.LoginA" time="0">
    <skipped/>
    <system-out><![CDATA[testTeacherPostURLOnStudentsWall has started
]]></system-out>
  </testcase>
  <testcase name="testTeacherPostOnProfileWall" classname="testCases.LoginA" time="0">
    <skipped/>
    <system-out><![CDATA[testTeacherPostOnProfileWall has started
]]></system-out>
  </testcase>
  <testcase name="testTeacherPostOnCourseWall" classname="testCases.LoginA" time="0">
    <skipped/>
    <system-out><![CDATA[testTeacherPostOnCourseWall has started
]]></system-out>
  </testcase>
  <testcase name="teacherLogout" classname="testCases.LoginA" time="0">
    <skipped/>
  </testcase>
  <testcase name="studentLogin" classname="testCases.LoginB" time="20.443">
    <failure message="no such element: Unable to locate element: {&quot;method&quot;:&quot;xpath&quot;,&quot;selector&quot;:&quot;//input[@id=&apos;username&apos;]&quot;}&#10;  (Session info: chrome=49.0.2623.87)&#10;  (Driver info: chromedriver=2.21.371459 (36d3d07f660ff2bc1bf28a75d1cdabed0983e7c4),platform=Windows NT 6.1 SP1 x86_64) (WARNING: The server did not provide any stacktrace information)&#10;Command duration or timeout: 20.43 seconds&#10;For documentation on this error, please visit: http://seleniumhq.org/exceptions/no_such_element.html&#10;Build info: version: &apos;2.53.1&apos;, revision: &apos;a36b8b1cd5757287168e54b817830adce9b0158d&apos;, time: &apos;2016-06-30 19:26:09&apos;&#10;System info: host: &apos;IITC-WS-NB45&apos;, ip: &apos;10.6.105.219&apos;, os.name: &apos;Windows 7&apos;, os.arch: &apos;amd64&apos;, os.version: &apos;6.1&apos;, java.version: &apos;1.7.0_51&apos;&#10;*** Element info: {Using=xpath, value=//input[@id=&apos;username&apos;]}&#10;Session ID: 3f70d6b7514943088d267ab8544e5f4f&#10;Driver info: org.openqa.selenium.remote.RemoteWebDriver&#10;Capabilities [{platform=XP, acceptSslCerts=true, javascriptEnabled=true, hasMetadata=true, browserName=chrome, chrome={userDataDir=C:\Users\ADMINI~1\AppData\Local\Temp\scoped_dir1048_31676, chromedriverVersion=2.21.371459 (36d3d07f660ff2bc1bf28a75d1cdabed0983e7c4)}, rotatable=false, locationContextEnabled=true, mobileEmulationEnabled=false, webdriver.remote.sessionid=3f70d6b7514943088d267ab8544e5f4f, version=49.0.2623.87, takesHeapSnapshot=true, cssSelectorsEnabled=true, databaseEnabled=false, handlesAlerts=true, browserConnectionEnabled=false, webStorageEnabled=true, nativeEvents=true, hasTouchScreen=false, applicationCacheEnabled=false, takesScreenshot=true}]" type="org.openqa.selenium.NoSuchElementException">org.openqa.selenium.NoSuchElementException: no such element: Unable to locate element: {"method":"xpath","selector":"//input[@id='username']"}
  (Session info: chrome=49.0.2623.87)
  (Driver info: chromedriver=2.21.371459 (36d3d07f660ff2bc1bf28a75d1cdabed0983e7c4),platform=Windows NT 6.1 SP1 x86_64) (WARNING: The server did not provide any stacktrace information)
Command duration or timeout: 20.43 seconds
For documentation on this error, please visit: http://seleniumhq.org/exceptions/no_such_element.html
Build info: version: '2.53.1', revision: 'a36b8b1cd5757287168e54b817830adce9b0158d', time: '2016-06-30 19:26:09'
System info: host: 'IITC-WS-NB45', ip: '10.6.105.219', os.name: 'Windows 7', os.arch: 'amd64', os.version: '6.1', java.version: '1.7.0_51'
*** Element info: {Using=xpath, value=//input[@id='username']}
Session ID: 3f70d6b7514943088d267ab8544e5f4f
Driver info: org.openqa.selenium.remote.RemoteWebDriver
Capabilities [{platform=XP, acceptSslCerts=true, javascriptEnabled=true, hasMetadata=true, browserName=chrome, chrome={userDataDir=C:\Users\ADMINI~1\AppData\Local\Temp\scoped_dir1048_31676, chromedriverVersion=2.21.371459 (36d3d07f660ff2bc1bf28a75d1cdabed0983e7c4)}, rotatable=false, locationContextEnabled=true, mobileEmulationEnabled=false, webdriver.remote.sessionid=3f70d6b7514943088d267ab8544e5f4f, version=49.0.2623.87, takesHeapSnapshot=true, cssSelectorsEnabled=true, databaseEnabled=false, handlesAlerts=true, browserConnectionEnabled=false, webStorageEnabled=true, nativeEvents=true, hasTouchScreen=false, applicationCacheEnabled=false, takesScreenshot=true}]
	at sun.reflect.NativeConstructorAccessorImpl.newInstance0(Native Method)
	at sun.reflect.NativeConstructorAccessorImpl.newInstance(NativeConstructorAccessorImpl.java:57)
	at sun.reflect.DelegatingConstructorAccessorImpl.newInstance(DelegatingConstructorAccessorImpl.java:45)
	at java.lang.reflect.Constructor.newInstance(Constructor.java:526)
	at org.openqa.selenium.remote.ErrorHandler.createThrowable(ErrorHandler.java:206)
	at org.openqa.selenium.remote.ErrorHandler.throwIfResponseFailed(ErrorHandler.java:158)
	at org.openqa.selenium.remote.RemoteWebDriver.execute(RemoteWebDriver.java:678)
	at org.openqa.selenium.remote.RemoteWebDriver.findElement(RemoteWebDriver.java:363)
	at org.openqa.selenium.remote.RemoteWebDriver.findElementByXPath(RemoteWebDriver.java:500)
	at org.openqa.selenium.By$ByXPath.findElement(By.java:361)
	at org.openqa.selenium.remote.RemoteWebDriver.findElement(RemoteWebDriver.java:355)
	at pages.LoginPage.signIn(LoginPage.java:26)
	at testCases.LoginB.studentLogin(LoginB.java:31)
</failure>
  </testcase>
  <testcase name="testStudentPostTextOnTopNewsWall" classname="testCases.LoginB" time="0">
    <skipped/>
    <system-out><![CDATA[testStudentPostTextOnTopNewsWall has started
]]></system-out>
  </testcase>
  <testcase name="testStudentVerifyTopNewsWallPostOnRecentNewsWall" classname="testCases.LoginB" time="0">
    <skipped/>
    <system-out><![CDATA[testStudentVerifyTopNewsWallPostOnRecentNewsWall has started
]]></system-out>
  </testcase>
  <testcase name="testStudentJoinsTeacherSocialGroup" classname="testCases.LoginB" time="0">
    <skipped/>
    <system-out><![CDATA[testStudentJoinsTeacherSocialGroup has started
]]></system-out>
  </testcase>
  <testcase name="testStudentCommentOnTeacherCoursePost" classname="testCases.LoginB" time="0">
    <skipped/>
    <system-out><![CDATA[testStudentCommentOnTeacherCoursePost has started
]]></system-out>
  </testcase>
  <testcase name="testStudentVerifyTopNewsWallPostOnProfileWall" classname="testCases.LoginB" time="0">
    <skipped/>
    <system-out><![CDATA[testStudentVerifyTopNewsWallPostOnProfileWall has started
]]></system-out>
  </testcase>
  <testcase name="testStudentPostURLOnTeacherSocialGroup" classname="testCases.LoginB" time="0">
    <skipped/>
    <system-out><![CDATA[testStudentPostURLOnTeacherSocialGroup has started
]]></system-out>
  </testcase>
  <testcase name="studentLogout" classname="testCases.LoginB" time="0">
    <skipped/>
  </testcase>
  <testcase name="teacherLogin" classname="testCases.LoginC" time="20.505">
    <failure message="no such element: Unable to locate element: {&quot;method&quot;:&quot;xpath&quot;,&quot;selector&quot;:&quot;//input[@id=&apos;username&apos;]&quot;}&#10;  (Session info: chrome=49.0.2623.87)&#10;  (Driver info: chromedriver=2.21.371459 (36d3d07f660ff2bc1bf28a75d1cdabed0983e7c4),platform=Windows NT 6.1 SP1 x86_64) (WARNING: The server did not provide any stacktrace information)&#10;Command duration or timeout: 20.49 seconds&#10;For documentation on this error, please visit: http://seleniumhq.org/exceptions/no_such_element.html&#10;Build info: version: &apos;2.53.1&apos;, revision: &apos;a36b8b1cd5757287168e54b817830adce9b0158d&apos;, time: &apos;2016-06-30 19:26:09&apos;&#10;System info: host: &apos;IITC-WS-NB45&apos;, ip: &apos;10.6.105.219&apos;, os.name: &apos;Windows 7&apos;, os.arch: &apos;amd64&apos;, os.version: &apos;6.1&apos;, java.version: &apos;1.7.0_51&apos;&#10;*** Element info: {Using=xpath, value=//input[@id=&apos;username&apos;]}&#10;Session ID: 3f70d6b7514943088d267ab8544e5f4f&#10;Driver info: org.openqa.selenium.remote.RemoteWebDriver&#10;Capabilities [{platform=XP, acceptSslCerts=true, javascriptEnabled=true, hasMetadata=true, browserName=chrome, chrome={userDataDir=C:\Users\ADMINI~1\AppData\Local\Temp\scoped_dir1048_31676, chromedriverVersion=2.21.371459 (36d3d07f660ff2bc1bf28a75d1cdabed0983e7c4)}, rotatable=false, locationContextEnabled=true, mobileEmulationEnabled=false, webdriver.remote.sessionid=3f70d6b7514943088d267ab8544e5f4f, version=49.0.2623.87, takesHeapSnapshot=true, cssSelectorsEnabled=true, databaseEnabled=false, handlesAlerts=true, browserConnectionEnabled=false, webStorageEnabled=true, nativeEvents=true, hasTouchScreen=false, applicationCacheEnabled=false, takesScreenshot=true}]" type="org.openqa.selenium.NoSuchElementException">org.openqa.selenium.NoSuchElementException: no such element: Unable to locate element: {"method":"xpath","selector":"//input[@id='username']"}
  (Session info: chrome=49.0.2623.87)
  (Driver info: chromedriver=2.21.371459 (36d3d07f660ff2bc1bf28a75d1cdabed0983e7c4),platform=Windows NT 6.1 SP1 x86_64) (WARNING: The server did not provide any stacktrace information)
Command duration or timeout: 20.49 seconds
For documentation on this error, please visit: http://seleniumhq.org/exceptions/no_such_element.html
Build info: version: '2.53.1', revision: 'a36b8b1cd5757287168e54b817830adce9b0158d', time: '2016-06-30 19:26:09'
System info: host: 'IITC-WS-NB45', ip: '10.6.105.219', os.name: 'Windows 7', os.arch: 'amd64', os.version: '6.1', java.version: '1.7.0_51'
*** Element info: {Using=xpath, value=//input[@id='username']}
Session ID: 3f70d6b7514943088d267ab8544e5f4f
Driver info: org.openqa.selenium.remote.RemoteWebDriver
Capabilities [{platform=XP, acceptSslCerts=true, javascriptEnabled=true, hasMetadata=true, browserName=chrome, chrome={userDataDir=C:\Users\ADMINI~1\AppData\Local\Temp\scoped_dir1048_31676, chromedriverVersion=2.21.371459 (36d3d07f660ff2bc1bf28a75d1cdabed0983e7c4)}, rotatable=false, locationContextEnabled=true, mobileEmulationEnabled=false, webdriver.remote.sessionid=3f70d6b7514943088d267ab8544e5f4f, version=49.0.2623.87, takesHeapSnapshot=true, cssSelectorsEnabled=true, databaseEnabled=false, handlesAlerts=true, browserConnectionEnabled=false, webStorageEnabled=true, nativeEvents=true, hasTouchScreen=false, applicationCacheEnabled=false, takesScreenshot=true}]
	at sun.reflect.NativeConstructorAccessorImpl.newInstance0(Native Method)
	at sun.reflect.NativeConstructorAccessorImpl.newInstance(NativeConstructorAccessorImpl.java:57)
	at sun.reflect.DelegatingConstructorAccessorImpl.newInstance(DelegatingConstructorAccessorImpl.java:45)
	at java.lang.reflect.Constructor.newInstance(Constructor.java:526)
	at org.openqa.selenium.remote.ErrorHandler.createThrowable(ErrorHandler.java:206)
	at org.openqa.selenium.remote.ErrorHandler.throwIfResponseFailed(ErrorHandler.java:158)
	at org.openqa.selenium.remote.RemoteWebDriver.execute(RemoteWebDriver.java:678)
	at org.openqa.selenium.remote.RemoteWebDriver.findElement(RemoteWebDriver.java:363)
	at org.openqa.selenium.remote.RemoteWebDriver.findElementByXPath(RemoteWebDriver.java:500)
	at org.openqa.selenium.By$ByXPath.findElement(By.java:361)
	at org.openqa.selenium.remote.RemoteWebDriver.findElement(RemoteWebDriver.java:355)
	at pages.LoginPage.signIn(LoginPage.java:26)
	at testCases.LoginC.teacherLogin(LoginC.java:34)
</failure>
  </testcase>
  <testcase name="testTeacherShareImageOnTopNewsWall" classname="testCases.LoginC" time="0">
    <skipped/>
    <system-out><![CDATA[testTeacherShareImageOnTopNewsWall has started
]]></system-out>
  </testcase>
  <testcase name="testTeacherCreateLiveSessionthroughMeetingWidget" classname="testCases.LoginC" time="0">
    <skipped/>
    <system-out><![CDATA[testTeacherCreateLiveSessionthroughMeetingWidget has started
]]></system-out>
  </testcase>
  <testcase name="testTeacherUploadFilesInCourse" classname="testCases.LoginC" time="0">
    <skipped/>
    <system-out><![CDATA[testTeacherUploadFilesInCourse has started
]]></system-out>
  </testcase>
  <testcase name="testTeacherDeleteLiveSessionthroughMeetingWidget" classname="testCases.LoginC" time="0">
    <skipped/>
    <system-out><![CDATA[testTeacherDeleteLiveSessionthroughMeetingWidget has started
]]></system-out>
  </testcase>
  <testcase name="testTeacherVerifyFilesInPortfolio" classname="testCases.LoginC" time="0">
    <skipped/>
    <system-out><![CDATA[testTeacherVerifyFilesInPortfolio has started
]]></system-out>
  </testcase>
  <testcase name="teacherLogout" classname="testCases.LoginC" time="0">
    <skipped/>
  </testcase>
  <testcase name="studentLogin" classname="testCases.LoginD" time="20.515">
    <failure message="no such element: Unable to locate element: {&quot;method&quot;:&quot;xpath&quot;,&quot;selector&quot;:&quot;//input[@id=&apos;username&apos;]&quot;}&#10;  (Session info: chrome=49.0.2623.87)&#10;  (Driver info: chromedriver=2.21.371459 (36d3d07f660ff2bc1bf28a75d1cdabed0983e7c4),platform=Windows NT 6.1 SP1 x86_64) (WARNING: The server did not provide any stacktrace information)&#10;Command duration or timeout: 20.51 seconds&#10;For documentation on this error, please visit: http://seleniumhq.org/exceptions/no_such_element.html&#10;Build info: version: &apos;2.53.1&apos;, revision: &apos;a36b8b1cd5757287168e54b817830adce9b0158d&apos;, time: &apos;2016-06-30 19:26:09&apos;&#10;System info: host: &apos;IITC-WS-NB45&apos;, ip: &apos;10.6.105.219&apos;, os.name: &apos;Windows 7&apos;, os.arch: &apos;amd64&apos;, os.version: &apos;6.1&apos;, java.version: &apos;1.7.0_51&apos;&#10;*** Element info: {Using=xpath, value=//input[@id=&apos;username&apos;]}&#10;Session ID: 3f70d6b7514943088d267ab8544e5f4f&#10;Driver info: org.openqa.selenium.remote.RemoteWebDriver&#10;Capabilities [{platform=XP, acceptSslCerts=true, javascriptEnabled=true, hasMetadata=true, browserName=chrome, chrome={userDataDir=C:\Users\ADMINI~1\AppData\Local\Temp\scoped_dir1048_31676, chromedriverVersion=2.21.371459 (36d3d07f660ff2bc1bf28a75d1cdabed0983e7c4)}, rotatable=false, locationContextEnabled=true, mobileEmulationEnabled=false, webdriver.remote.sessionid=3f70d6b7514943088d267ab8544e5f4f, version=49.0.2623.87, takesHeapSnapshot=true, cssSelectorsEnabled=true, databaseEnabled=false, handlesAlerts=true, browserConnectionEnabled=false, webStorageEnabled=true, nativeEvents=true, hasTouchScreen=false, applicationCacheEnabled=false, takesScreenshot=true}]" type="org.openqa.selenium.NoSuchElementException">org.openqa.selenium.NoSuchElementException: no such element: Unable to locate element: {"method":"xpath","selector":"//input[@id='username']"}
  (Session info: chrome=49.0.2623.87)
  (Driver info: chromedriver=2.21.371459 (36d3d07f660ff2bc1bf28a75d1cdabed0983e7c4),platform=Windows NT 6.1 SP1 x86_64) (WARNING: The server did not provide any stacktrace information)
Command duration or timeout: 20.51 seconds
For documentation on this error, please visit: http://seleniumhq.org/exceptions/no_such_element.html
Build info: version: '2.53.1', revision: 'a36b8b1cd5757287168e54b817830adce9b0158d', time: '2016-06-30 19:26:09'
System info: host: 'IITC-WS-NB45', ip: '10.6.105.219', os.name: 'Windows 7', os.arch: 'amd64', os.version: '6.1', java.version: '1.7.0_51'
*** Element info: {Using=xpath, value=//input[@id='username']}
Session ID: 3f70d6b7514943088d267ab8544e5f4f
Driver info: org.openqa.selenium.remote.RemoteWebDriver
Capabilities [{platform=XP, acceptSslCerts=true, javascriptEnabled=true, hasMetadata=true, browserName=chrome, chrome={userDataDir=C:\Users\ADMINI~1\AppData\Local\Temp\scoped_dir1048_31676, chromedriverVersion=2.21.371459 (36d3d07f660ff2bc1bf28a75d1cdabed0983e7c4)}, rotatable=false, locationContextEnabled=true, mobileEmulationEnabled=false, webdriver.remote.sessionid=3f70d6b7514943088d267ab8544e5f4f, version=49.0.2623.87, takesHeapSnapshot=true, cssSelectorsEnabled=true, databaseEnabled=false, handlesAlerts=true, browserConnectionEnabled=false, webStorageEnabled=true, nativeEvents=true, hasTouchScreen=false, applicationCacheEnabled=false, takesScreenshot=true}]
	at sun.reflect.NativeConstructorAccessorImpl.newInstance0(Native Method)
	at sun.reflect.NativeConstructorAccessorImpl.newInstance(NativeConstructorAccessorImpl.java:57)
	at sun.reflect.DelegatingConstructorAccessorImpl.newInstance(DelegatingConstructorAccessorImpl.java:45)
	at java.lang.reflect.Constructor.newInstance(Constructor.java:526)
	at org.openqa.selenium.remote.ErrorHandler.createThrowable(ErrorHandler.java:206)
	at org.openqa.selenium.remote.ErrorHandler.throwIfResponseFailed(ErrorHandler.java:158)
	at org.openqa.selenium.remote.RemoteWebDriver.execute(RemoteWebDriver.java:678)
	at org.openqa.selenium.remote.RemoteWebDriver.findElement(RemoteWebDriver.java:363)
	at org.openqa.selenium.remote.RemoteWebDriver.findElementByXPath(RemoteWebDriver.java:500)
	at org.openqa.selenium.By$ByXPath.findElement(By.java:361)
	at org.openqa.selenium.remote.RemoteWebDriver.findElement(RemoteWebDriver.java:355)
	at pages.LoginPage.signIn(LoginPage.java:26)
	at testCases.LoginD.studentLogin(LoginD.java:34)
</failure>
  </testcase>
  <testcase name="testStudentShareFileOnTopNewsWall" classname="testCases.LoginD" time="0">
    <skipped/>
    <system-out><![CDATA[testStudentShareFileOnTopNewsWall has started
]]></system-out>
  </testcase>
  <testcase name="testStudentShareVideoOnTopNewsWall" classname="testCases.LoginD" time="0">
    <skipped/>
    <system-out><![CDATA[testStudentShareVideoOnTopNewsWall has started
]]></system-out>
  </testcase>
  <testcase name="testStudentCreateLiveSessionthroughMeetingWidget" classname="testCases.LoginD" time="0">
    <skipped/>
    <system-out><![CDATA[testStudentCreateLiveSessionthroughMeetingWidget has started
]]></system-out>
  </testcase>
  <testcase name="testStudentDeleteLiveSessionthroughMeetingWidget" classname="testCases.LoginD" time="0">
    <skipped/>
    <system-out><![CDATA[testStudentDeleteLiveSessionthroughMeetingWidget has started
]]></system-out>
  </testcase>
  <testcase name="testStudentVerifyFilesInCourse" classname="testCases.LoginD" time="0">
    <skipped/>
    <system-out><![CDATA[testStudentVerifyFilesInCourse has started
]]></system-out>
  </testcase>
  <testcase name="testStudentCreateSocialGroup" classname="testCases.LoginD" time="0">
    <skipped/>
    <system-out><![CDATA[testStudentCreateSocialGroup has started
]]></system-out>
  </testcase>
  <testcase name="testStudentSubmitQuiz" classname="testCases.LoginD" time="0">
    <skipped/>
    <system-out><![CDATA[testStudentSubmitQuiz has started
]]></system-out>
  </testcase>
  <testcase name="studentLogout" classname="testCases.LoginD" time="0">
    <skipped/>
  </testcase>
  <testcase name="teacherLogin" classname="testCases.LoginE" time="20.481">
    <failure message="no such element: Unable to locate element: {&quot;method&quot;:&quot;xpath&quot;,&quot;selector&quot;:&quot;//input[@id=&apos;username&apos;]&quot;}&#10;  (Session info: chrome=49.0.2623.87)&#10;  (Driver info: chromedriver=2.21.371459 (36d3d07f660ff2bc1bf28a75d1cdabed0983e7c4),platform=Windows NT 6.1 SP1 x86_64) (WARNING: The server did not provide any stacktrace information)&#10;Command duration or timeout: 20.47 seconds&#10;For documentation on this error, please visit: http://seleniumhq.org/exceptions/no_such_element.html&#10;Build info: version: &apos;2.53.1&apos;, revision: &apos;a36b8b1cd5757287168e54b817830adce9b0158d&apos;, time: &apos;2016-06-30 19:26:09&apos;&#10;System info: host: &apos;IITC-WS-NB45&apos;, ip: &apos;10.6.105.219&apos;, os.name: &apos;Windows 7&apos;, os.arch: &apos;amd64&apos;, os.version: &apos;6.1&apos;, java.version: &apos;1.7.0_51&apos;&#10;*** Element info: {Using=xpath, value=//input[@id=&apos;username&apos;]}&#10;Session ID: 3f70d6b7514943088d267ab8544e5f4f&#10;Driver info: org.openqa.selenium.remote.RemoteWebDriver&#10;Capabilities [{platform=XP, acceptSslCerts=true, javascriptEnabled=true, hasMetadata=true, browserName=chrome, chrome={userDataDir=C:\Users\ADMINI~1\AppData\Local\Temp\scoped_dir1048_31676, chromedriverVersion=2.21.371459 (36d3d07f660ff2bc1bf28a75d1cdabed0983e7c4)}, rotatable=false, locationContextEnabled=true, mobileEmulationEnabled=false, webdriver.remote.sessionid=3f70d6b7514943088d267ab8544e5f4f, version=49.0.2623.87, takesHeapSnapshot=true, cssSelectorsEnabled=true, databaseEnabled=false, handlesAlerts=true, browserConnectionEnabled=false, webStorageEnabled=true, nativeEvents=true, hasTouchScreen=false, applicationCacheEnabled=false, takesScreenshot=true}]" type="org.openqa.selenium.NoSuchElementException">org.openqa.selenium.NoSuchElementException: no such element: Unable to locate element: {"method":"xpath","selector":"//input[@id='username']"}
  (Session info: chrome=49.0.2623.87)
  (Driver info: chromedriver=2.21.371459 (36d3d07f660ff2bc1bf28a75d1cdabed0983e7c4),platform=Windows NT 6.1 SP1 x86_64) (WARNING: The server did not provide any stacktrace information)
Command duration or timeout: 20.47 seconds
For documentation on this error, please visit: http://seleniumhq.org/exceptions/no_such_element.html
Build info: version: '2.53.1', revision: 'a36b8b1cd5757287168e54b817830adce9b0158d', time: '2016-06-30 19:26:09'
System info: host: 'IITC-WS-NB45', ip: '10.6.105.219', os.name: 'Windows 7', os.arch: 'amd64', os.version: '6.1', java.version: '1.7.0_51'
*** Element info: {Using=xpath, value=//input[@id='username']}
Session ID: 3f70d6b7514943088d267ab8544e5f4f
Driver info: org.openqa.selenium.remote.RemoteWebDriver
Capabilities [{platform=XP, acceptSslCerts=true, javascriptEnabled=true, hasMetadata=true, browserName=chrome, chrome={userDataDir=C:\Users\ADMINI~1\AppData\Local\Temp\scoped_dir1048_31676, chromedriverVersion=2.21.371459 (36d3d07f660ff2bc1bf28a75d1cdabed0983e7c4)}, rotatable=false, locationContextEnabled=true, mobileEmulationEnabled=false, webdriver.remote.sessionid=3f70d6b7514943088d267ab8544e5f4f, version=49.0.2623.87, takesHeapSnapshot=true, cssSelectorsEnabled=true, databaseEnabled=false, handlesAlerts=true, browserConnectionEnabled=false, webStorageEnabled=true, nativeEvents=true, hasTouchScreen=false, applicationCacheEnabled=false, takesScreenshot=true}]
	at sun.reflect.NativeConstructorAccessorImpl.newInstance0(Native Method)
	at sun.reflect.NativeConstructorAccessorImpl.newInstance(NativeConstructorAccessorImpl.java:57)
	at sun.reflect.DelegatingConstructorAccessorImpl.newInstance(DelegatingConstructorAccessorImpl.java:45)
	at java.lang.reflect.Constructor.newInstance(Constructor.java:526)
	at org.openqa.selenium.remote.ErrorHandler.createThrowable(ErrorHandler.java:206)
	at org.openqa.selenium.remote.ErrorHandler.throwIfResponseFailed(ErrorHandler.java:158)
	at org.openqa.selenium.remote.RemoteWebDriver.execute(RemoteWebDriver.java:678)
	at org.openqa.selenium.remote.RemoteWebDriver.findElement(RemoteWebDriver.java:363)
	at org.openqa.selenium.remote.RemoteWebDriver.findElementByXPath(RemoteWebDriver.java:500)
	at org.openqa.selenium.By$ByXPath.findElement(By.java:361)
	at org.openqa.selenium.remote.RemoteWebDriver.findElement(RemoteWebDriver.java:355)
	at pages.LoginPage.signIn(LoginPage.java:26)
	at testCases.LoginE.teacherLogin(LoginE.java:32)
</failure>
  </testcase>
  <testcase name="testTeacherJoinsStudentSocialGroup" classname="testCases.LoginE" time="0">
    <skipped/>
    <system-out><![CDATA[testTeacherJoinsStudentSocialGroup has started
]]></system-out>
  </testcase>
  <testcase name="testTeacherDeleteFiles" classname="testCases.LoginE" time="0">
    <skipped/>
    <system-out><![CDATA[testTeacherDeleteFiles has started
]]></system-out>
  </testcase>
  <testcase name="testTeacherDeleteSocialGroup" classname="testCases.LoginE" time="0">
    <skipped/>
    <system-out><![CDATA[testTeacherDeleteSocialGroup has started
]]></system-out>
  </testcase>
  <testcase name="testTeacherLeavesStudentSocialGroup" classname="testCases.LoginE" time="0">
    <skipped/>
    <system-out><![CDATA[testTeacherLeavesStudentSocialGroup has started
]]></system-out>
  </testcase>
  <testcase name="teacherLogout" classname="testCases.LoginE" time="0">
    <skipped/>
  </testcase>
  <testcase name="studentLogin" classname="testCases.LoginF" time="20.493">
    <failure message="no such element: Unable to locate element: {&quot;method&quot;:&quot;xpath&quot;,&quot;selector&quot;:&quot;//input[@id=&apos;username&apos;]&quot;}&#10;  (Session info: chrome=49.0.2623.87)&#10;  (Driver info: chromedriver=2.21.371459 (36d3d07f660ff2bc1bf28a75d1cdabed0983e7c4),platform=Windows NT 6.1 SP1 x86_64) (WARNING: The server did not provide any stacktrace information)&#10;Command duration or timeout: 20.48 seconds&#10;For documentation on this error, please visit: http://seleniumhq.org/exceptions/no_such_element.html&#10;Build info: version: &apos;2.53.1&apos;, revision: &apos;a36b8b1cd5757287168e54b817830adce9b0158d&apos;, time: &apos;2016-06-30 19:26:09&apos;&#10;System info: host: &apos;IITC-WS-NB45&apos;, ip: &apos;10.6.105.219&apos;, os.name: &apos;Windows 7&apos;, os.arch: &apos;amd64&apos;, os.version: &apos;6.1&apos;, java.version: &apos;1.7.0_51&apos;&#10;*** Element info: {Using=xpath, value=//input[@id=&apos;username&apos;]}&#10;Session ID: 3f70d6b7514943088d267ab8544e5f4f&#10;Driver info: org.openqa.selenium.remote.RemoteWebDriver&#10;Capabilities [{platform=XP, acceptSslCerts=true, javascriptEnabled=true, hasMetadata=true, browserName=chrome, chrome={userDataDir=C:\Users\ADMINI~1\AppData\Local\Temp\scoped_dir1048_31676, chromedriverVersion=2.21.371459 (36d3d07f660ff2bc1bf28a75d1cdabed0983e7c4)}, rotatable=false, locationContextEnabled=true, mobileEmulationEnabled=false, webdriver.remote.sessionid=3f70d6b7514943088d267ab8544e5f4f, version=49.0.2623.87, takesHeapSnapshot=true, cssSelectorsEnabled=true, databaseEnabled=false, handlesAlerts=true, browserConnectionEnabled=false, webStorageEnabled=true, nativeEvents=true, hasTouchScreen=false, applicationCacheEnabled=false, takesScreenshot=true}]" type="org.openqa.selenium.NoSuchElementException">org.openqa.selenium.NoSuchElementException: no such element: Unable to locate element: {"method":"xpath","selector":"//input[@id='username']"}
  (Session info: chrome=49.0.2623.87)
  (Driver info: chromedriver=2.21.371459 (36d3d07f660ff2bc1bf28a75d1cdabed0983e7c4),platform=Windows NT 6.1 SP1 x86_64) (WARNING: The server did not provide any stacktrace information)
Command duration or timeout: 20.48 seconds
For documentation on this error, please visit: http://seleniumhq.org/exceptions/no_such_element.html
Build info: version: '2.53.1', revision: 'a36b8b1cd5757287168e54b817830adce9b0158d', time: '2016-06-30 19:26:09'
System info: host: 'IITC-WS-NB45', ip: '10.6.105.219', os.name: 'Windows 7', os.arch: 'amd64', os.version: '6.1', java.version: '1.7.0_51'
*** Element info: {Using=xpath, value=//input[@id='username']}
Session ID: 3f70d6b7514943088d267ab8544e5f4f
Driver info: org.openqa.selenium.remote.RemoteWebDriver
Capabilities [{platform=XP, acceptSslCerts=true, javascriptEnabled=true, hasMetadata=true, browserName=chrome, chrome={userDataDir=C:\Users\ADMINI~1\AppData\Local\Temp\scoped_dir1048_31676, chromedriverVersion=2.21.371459 (36d3d07f660ff2bc1bf28a75d1cdabed0983e7c4)}, rotatable=false, locationContextEnabled=true, mobileEmulationEnabled=false, webdriver.remote.sessionid=3f70d6b7514943088d267ab8544e5f4f, version=49.0.2623.87, takesHeapSnapshot=true, cssSelectorsEnabled=true, databaseEnabled=false, handlesAlerts=true, browserConnectionEnabled=false, webStorageEnabled=true, nativeEvents=true, hasTouchScreen=false, applicationCacheEnabled=false, takesScreenshot=true}]
	at sun.reflect.NativeConstructorAccessorImpl.newInstance0(Native Method)
	at sun.reflect.NativeConstructorAccessorImpl.newInstance(NativeConstructorAccessorImpl.java:57)
	at sun.reflect.DelegatingConstructorAccessorImpl.newInstance(DelegatingConstructorAccessorImpl.java:45)
	at java.lang.reflect.Constructor.newInstance(Constructor.java:526)
	at org.openqa.selenium.remote.ErrorHandler.createThrowable(ErrorHandler.java:206)
	at org.openqa.selenium.remote.ErrorHandler.throwIfResponseFailed(ErrorHandler.java:158)
	at org.openqa.selenium.remote.RemoteWebDriver.execute(RemoteWebDriver.java:678)
	at org.openqa.selenium.remote.RemoteWebDriver.findElement(RemoteWebDriver.java:363)
	at org.openqa.selenium.remote.RemoteWebDriver.findElementByXPath(RemoteWebDriver.java:500)
	at org.openqa.selenium.By$ByXPath.findElement(By.java:361)
	at org.openqa.selenium.remote.RemoteWebDriver.findElement(RemoteWebDriver.java:355)
	at pages.LoginPage.signIn(LoginPage.java:26)
	at testCases.LoginF.studentLogin(LoginF.java:33)
</failure>
  </testcase>
  <testcase name="testStudentDeleteFileFromMyFilesPage" classname="testCases.LoginF" time="0">
    <skipped/>
    <system-out><![CDATA[testStudentDeleteFileFromMyFilesPage has started
]]></system-out>
  </testcase>
  <testcase name="testStudentDeleteSocialGroup" classname="testCases.LoginF" time="0">
    <skipped/>
    <system-out><![CDATA[testStudentDeleteSocialGroup has started
]]></system-out>
  </testcase>
  <testcase name="studentLogout" classname="testCases.LoginF" time="0">
    <skipped/>
  </testcase>
</testsuite>